      116362           1           4
 111  4  39 1411   2   4  94 9.97E+01 1.32E-03 2.00E+01   9  91 -21
 111  3  30  873   3   4  92 1.03E+02 2.60E-03 1.27E+01   4  96 -20
 111  3  32  942   3   4  93 3.60E+01 2.30E-03 1.45E+01   6  94 -21
 111  1   6  369   6   2  92 1.71E+04 2.90E-03 5.74E+00   4  96 -58
 111  3  33 1074   3   4  94 1.17E+02 1.85E-03 1.63E+01   2  98 -19
 111  3  33 1061   3   4  93 3.42E+01 2.44E-03 1.45E+01   1  99 -17
 111  1   8  388   6   3  91 9.11E+03 3.05E-03 4.98E+00   4  96 -58
 111  3  32  878   3   5  92 1.14E+02 2.55E-03 1.30E+01   1  99 -18
 111  3  39  930   3   5  92 4.42E+01 2.65E-03 1.69E+01   1  99 -16
 111  1   8  392   5   3  92 1.29E+04 2.29E-03 6.30E+00  12  88 -61
 111  3  37  836   3   6  91 1.48E+02 4.09E-03 1.31E+01   1  99 -15
 111  3  44  935   3   6  91 6.44E+01 2.96E-03 1.71E+01   1  99 -15
 110  1  10  400   5   3  92 1.46E+04 2.54E-03 7.68E+00   7  93 -60
 111  3  43  861   3   6  91 1.83E+02 6.01E-03 1.40E+01   1  99 -14
 111  3  48 1006   3   6  91 8.60E+01 3.75E-03 1.62E+01   1  99 -14
 111  3  45  954   3   5  92 4.23E+01 2.70E-03 1.58E+01   1  99 -15
 110  1  12  400   5   4  91 1.70E+04 2.65E-03 6.50E+00   4  96 -59
 111  3  48  908   3   6  91 1.98E+02 8.81E-03 1.49E+01   1  99 -12
 111  3  52 1101   2   6  91 9.73E+01 5.52E-03 1.77E+01   1  99 -12
 111  3  46 1091   3   6  92 4.92E+01 3.72E-03 1.75E+01   1  99 -13
 110  1  14  400   5   5  91 1.86E+04 2.51E-03 6.95E+00   4  96 -60
 111  4  74 1172   3   7  90 2.25E+02 5.61E-03 2.02E+01   2  98 -10
 111  3  57 1133   2   6  91 1.14E+02 8.99E-03 1.79E+01   2  98 -10
 111  3  52  891   3   7  90 6.00E+01 5.05E-03 1.43E+01   1  99 -12
 110  1  16  400   4   4  92 2.10E+04 2.80E-03 8.03E+00   3  97 -59
 111  4  80 1284   3   8  90 2.49E+02 8.64E-03 2.52E+01   3  97  -9
 111  4  84 1516   2   7  92 1.30E+02 5.72E-03 2.90E+01   2  98  -9
 111  3  55 1030   3   6  91 6.91E+01 7.38E-03 1.86E+01   1  99 -11
 111  4  85  864   3  11  86 4.19E+01 5.78E-03 1.87E+01   2  98  -9
 110  1  18  400   5   5  90 2.26E+04 3.06E-03 7.36E+00   3  97 -58
 111  5 115 1856   2   7  91 2.82E+02 5.84E-03 3.35E+01   3  97  -8
 111  4  94 1359   2   8  90 1.56E+02 7.17E-03 2.45E+01   2  98  -8
 111  3  65 1058   2   7  91 9.63E+01 7.79E-03 2.46E+01   1  99 -10
 111  4  96  897   3  12  85 6.09E+01 6.36E-03 1.63E+01   1  99  -8
 110  1  22  400   5   6  89 2.44E+04 3.26E-03 7.07E+00   2  98 -57
 111  5 123 1919   2   8  91 2.90E+02 9.84E-03 3.58E+01   3  97  -7
 111  5 131 1397   2  11  86 1.57E+02 5.91E-03 2.73E+01   2  98  -7
 111  4  96 1305   3   9  89 1.03E+02 4.98E-03 2.35E+01   1  99  -8
 111  4 107  850   3  14  83 7.22E+01 8.41E-03 1.62E+01   1  99  -7
 110  1  24  400   6   8  86 2.60E+04 3.64E-03 7.55E+00   2  98 -56
 111  6 164 2024   2  10  87 3.30E+02 6.69E-03 3.50E+01   4  96  -7
 111  5 144 1386   2  12  85 1.86E+02 8.28E-03 2.89E+01   2  98  -7
 111  4 104 1309   2  10  88 1.54E+02 5.23E-03 2.58E+01   1  99  -7
 111  4 110  795   3  16  81 1.46E+02 6.67E-03 1.69E+01   2  98  -6
 110  1  26  400   5   8  87 2.74E+04 4.14E-03 7.01E+00   1  99 -55
 111  6 184 1982   2  12  87 3.56E+02 9.48E-03 3.53E+01   4  96  -6
 111  5 153 1380   2  14  84 2.38E+02 9.85E-03 2.50E+01   2  98  -6
 111  4 116  722   4  18  78 1.68E+02 7.14E-03 1.41E+01   2  98  -7
 111  4 117  357   6  31  63 2.05E+02 6.97E-03 8.91E+00   3  97  -6
 110  1  29  400   6  10  85 2.88E+04 4.90E-03 6.94E+00   1  99 -53
 111  7 234 2335   2  13  86 4.05E+02 6.69E-03 3.91E+01   4  96  -6
 111  6 205 1767   2  15  83 2.47E+02 7.36E-03 2.94E+01   2  98  -6
 111  4 124  499   5  25  70 2.06E+02 8.97E-03 1.04E+01   3  97  -6
 111  4 124  573   4  23  73 2.91E+02 6.78E-03 1.18E+01   2  98  -5
 110  1  32  400   5   9  86 3.00E+04 6.02E-03 7.16E+00   1  99 -51
 111  7 248 2304   2  14  84 4.61E+02 8.36E-03 3.72E+01   4  96  -5
 111  6 221 1735   2  16  83 2.79E+02 9.20E-03 3.53E+01   2  98  -5
 111  5 164  694   4  25  72 2.65E+02 5.83E-03 1.49E+01   2  98  -6
 111  4 136  598   4  24  72 3.14E+02 7.16E-03 1.30E+01   3  97  -5
 110  1  34  400   5  11  84 3.11E+04 7.63E-03 7.11E+00   1  99 -49
 111  7 265 2336   2  15  84 6.36E+02 8.12E-03 4.40E+01   4  96  -5
 111  6 227 1345   3  20  78 5.74E+02 6.59E-03 2.81E+01   2  98  -5
 111  3  93  486   5  21  74 7.41E+02 8.63E-03 9.93E+00   4  96  -7
 111  4 133  699   4  21  75 4.84E+02 8.87E-03 1.45E+01   2  98  -6
 110  1  36  400   5  11  84 3.20E+04 9.73E-03 7.28E+00   1  99 -46
 111  7 272 2127   2  16  82 9.25E+02 7.39E-03 3.98E+01   3  97  -5
 111  6 243 1506   3  20  77 8.01E+02 6.35E-03 2.92E+01   2  98  -5
 111  4 139  677   4  23  73 5.86E+02 9.27E-03 1.40E+01   2  98  -6
 111  4 135  792   3  20  76 7.15E+02 6.91E-03 1.59E+01   2  98  -5
 111  2  75  723   3  13  84 3.31E+04 3.76E-03 1.36E+01   1  99 -12
 111  8 355 2022   2  21  77 5.52E+02 9.70E-03 4.01E+01   4  96  -4
 111  6 265  701   4  36  60 6.81E+02 8.71E-03 1.75E+01   3  97  -4
 111  5 190  815   3  25  72 5.06E+02 8.30E-03 1.92E+01   1  99  -5
 111  4 148  685   3  24  72 6.19E+02 8.75E-03 1.56E+01   1  99  -5
 111  2  81  710   3  13  83 3.36E+04 4.88E-03 1.43E+01   1  99 -12
 111  9 422 2153   2  23  75 6.40E+02 6.75E-03 4.62E+01   4  96  -4
 111  6 281 1250   2  25  73 8.19E+02 8.41E-03 2.95E+01   2  98  -4
 111  6 239 1057   3  25  72 5.93E+02 6.62E-03 2.33E+01   2  98  -5
 111  3 108  473   5  25  71 1.28E+03 8.10E-03 1.01E+01   5  95  -7
 111  2  83  743   3  15  82 3.46E+04 6.44E-03 1.43E+01   1  99 -11
 111  6 277 1685   2  20  78 2.07E+03 8.35E-03 3.33E+01   3  97  -4
 111  6 273 1260   3  25  72 1.11E+03 9.90E-03 2.66E+01   2  98  -4
 111  3 107  678   4  19  77 2.44E+03 7.64E-03 1.41E+01  10  90  -7
 111  5 196  957   3  24  74 1.45E+03 7.71E-03 2.14E+01   4  96  -5
 111  2  78  549   4  18  78 3.50E+04 8.88E-03 1.07E+01   1  99 -11
 111  7 330 1314   3  28  69 1.75E+03 8.54E-03 2.89E+01   2  98  -4
 111  4 176  957   2  21  76 3.72E+03 7.56E-03 2.06E+01  10  90  -5
 111  6 240 1233   3  23  75 1.88E+03 7.05E-03 2.52E+01   2  98  -5
 111  4 145  854   3  20  77 3.15E+03 5.95E-03 1.67E+01   5  95  -6
 111  3 135  905   3  19  79 3.66E+04 5.89E-03 1.72E+01   1  99  -8
 111  5 236 1445   2  20  78 5.58E+03 7.40E-03 2.95E+01   6  94  -5
 111  7 338 1507   2  26  71 1.76E+03 7.44E-03 3.18E+01   2  98  -4
 111  4 162  877   3  21  76 2.42E+03 8.46E-03 1.77E+01   4  96  -5
 111  6 263 1136   3  26  71 1.28E+03 6.82E-03 2.41E+01   1  99  -5
 111  3 129  635   3  23  73 3.68E+04 6.88E-03 1.31E+01   2  98  -8
 111  8 400 1104   3  35  62 2.11E+03 6.56E-03 2.89E+01   3  97  -5
 111  5 242 1006   3  27  70 3.21E+03 7.91E-03 2.26E+01   4  96  -4
 111  7 312 1366   3  27  70 1.52E+03 6.87E-03 2.91E+01   2  98  -4
 111  4 163  902   3  22  75 3.09E+03 5.76E-03 1.84E+01   8  92  -6
 111  3 141  766   3  23  74 3.91E+04 8.32E-03 1.54E+01   2  98  -7
 111  6 302 1366   2  26  71 3.43E+03 8.53E-03 3.01E+01   4  96  -5
 111  7 362 1423   2  29  69 1.69E+03 7.15E-03 3.11E+01   4  96  -4
 111  4 170  918   3  22  75 3.41E+03 5.83E-03 1.84E+01  10  90  -6
 111  6 267  937   3  30  67 1.70E+03 7.66E-03 2.14E+01   3  97  -5
 111  3 136  764   4  21  75 3.85E+04 9.27E-03 1.51E+01   1  99  -7
 111  8 430 1404   2  33  64 2.32E+03 6.72E-03 3.27E+01   3  97  -5
 111  5 246  885   3  31  66 3.79E+03 8.23E-03 2.09E+01   5  95  -4
 111  7 315 1579   2  23  75 2.04E+03 6.44E-03 3.33E+01   2  98  -5
 111  5 217 1088   3  24  74 2.36E+03 6.74E-03 2.22E+01   3  97  -5
 111  4 201  901   3  25  72 4.10E+04 5.29E-03 1.98E+01   2  98  -7
 111  6 303 1183   3  28  69 6.07E+03 6.34E-03 2.62E+01   6  94  -5
 111  7 352 1441   2  28  70 1.88E+03 9.78E-03 3.11E+01   2  98  -4
 111  5 226  900   3  28  69 2.23E+03 9.24E-03 1.97E+01   3  97  -5
 111  6 276 1075   3  28  69 1.26E+03 9.79E-03 2.33E+01   3  97  -5
 111  4 196  855   3  26  71 3.92E+04 5.80E-03 1.85E+01   3  97  -6
 111  8 412 1424   3  32  65 2.64E+03 7.17E-03 3.43E+01   2  98  -5
 111  5 242 1073   2  25  72 4.32E+03 7.43E-03 2.39E+01   4  96  -5
 111  7 337 1269   3  30  68 1.97E+03 7.45E-03 2.74E+01   2  98  -5
 111  4 173  885   3  24  73 3.76E+03 6.49E-03 1.78E+01   6  94  -5
 111  4 200 1251   2  21  77 4.07E+04 6.27E-03 2.25E+01   2  98  -6
 111  7 359 1626   2  26  72 4.63E+03 5.92E-03 3.32E+01   3  97  -5
 111  7 365 1193   3  34  63 2.34E+03 8.29E-03 2.61E+01   2  98  -4
 111  4 175  994   2  21  77 5.69E+03 6.33E-03 2.13E+01  11  89  -5
 111  6 266 1199   3  27  70 2.56E+03 9.68E-03 2.66E+01   3  97  -4
 111  4 193  636   4  32  65 3.93E+04 6.30E-03 1.50E+01   4  96  -6
 111  7 364 1269   3  31  66 3.63E+03 9.12E-03 2.96E+01   2  98  -5
 111  5 239 1062   3  26  71 4.56E+03 8.12E-03 2.33E+01   5  95  -5
 111  6 280  957   3  31  66 2.34E+03 9.34E-03 2.49E+01   4  96  -5
 111  6 286 1348   2  24  74 2.22E+03 6.94E-03 3.10E+01   3  97  -4
 111  4 202  786   3  30  66 3.90E+04 6.52E-03 1.91E+01   3  97  -6
 111  8 421 1290   3  34  63 2.47E+03 6.83E-03 3.19E+01   3  97  -5
 111  7 358 1059   3  35  62 1.55E+03 8.96E-03 2.55E+01   3  97  -5
 111  6 288 1254   2  27  71 1.33E+03 7.02E-03 2.69E+01   3  97  -4
 111  6 280 1154   3  27  70 9.24E+02 9.86E-03 2.41E+01   3  97  -4
 111  4 194  839   3  27  70 3.83E+04 7.24E-03 1.72E+01   2  98  -6
 111  8 402 1340   3  32  65 2.73E+03 7.87E-03 3.13E+01   3  97  -4
 111  6 291 1041   3  31  67 2.37E+03 9.10E-03 2.33E+01   2  98  -5
 111  7 326 1298   2  28  70 1.51E+03 6.32E-03 2.83E+01   2  98  -5
 111  4 164 1021   3  20  78 3.11E+03 7.25E-03 1.90E+01   6  94  -5
 111  4 197  965   3  25  73 3.98E+04 7.97E-03 1.83E+01   2  98  -6
 111  7 348 1287   2  29  68 6.17E+03 6.35E-03 2.95E+01   4  96  -5
 111  7 335 1205   3  31  67 2.76E+03 7.49E-03 2.95E+01   3  97  -5
 111  4 175  943   3  23  74 5.99E+03 6.31E-03 1.87E+01   9  91  -5
 111  6 257 1272   3  24  74 2.91E+03 8.66E-03 2.44E+01   3  97  -5
 111  4 190  618   4  32  64 3.87E+04 8.97E-03 1.39E+01   4  96  -6
 111  8 412 1573   2  30  68 4.40E+03 7.28E-03 3.50E+01   2  98  -5
 111  5 236 1024   3  26  71 5.27E+03 9.03E-03 2.15E+01   4  96  -5
 111  6 273 1144   3  27  70 2.62E+03 7.03E-03 2.58E+01   3  97  -5
 111  5 218 1084   3  23  74 2.79E+03 7.16E-03 2.24E+01   3  97  -5
 111  4 204  682   3  32  64 3.74E+04 9.96E-03 1.76E+01   3  97  -6
 111  8 408 1609   3  28  69 2.75E+03 9.48E-03 3.78E+01   3  97  -5
 111  7 352 1251   2  31  67 2.13E+03 7.95E-03 3.19E+01   3  97  -5
 111  4 173  880   3  22  75 3.83E+03 7.16E-03 1.89E+01   9  91  -5
 111  6 274 1350   3  24  73 2.10E+03 6.91E-03 2.96E+01   3  97  -5
 111  5 257  705   4  35  61 3.69E+04 6.06E-03 1.90E+01   4  96  -5
 111  8 400 1549   3  29  68 3.65E+03 8.74E-03 3.31E+01   3  97  -5
 111  5 235  813   3  31  66 7.60E+03 6.99E-03 2.02E+01   4  96  -5
 111  6 278 1175   3  26  71 3.33E+03 8.15E-03 2.69E+01   2  98  -5
 111  3 119  584   4  22  74 8.14E+03 9.00E-03 1.29E+01   8  92  -6
 111  5 267 1163   3  27  71 3.78E+04 5.72E-03 2.57E+01   3  97  -6
 111  7 364 1317   2  30  68 3.92E+03 9.64E-03 2.96E+01   2  98  -5
 111  7 372 1087   4  35  61 2.30E+03 6.26E-03 2.67E+01   4  96  -5
 111  6 301 1296   2  28  70 1.36E+03 7.72E-03 2.81E+01   2  98  -4
 111  5 248  502   5  47  48 8.03E+02 8.86E-03 1.69E+01   5  95  -5
 111  4 212  645   3  35  62 3.39E+04 9.99E-03 1.71E+01   2  98  -6
 111  8 423 1521   2  32  66 2.86E+03 8.67E-03 3.52E+01   2  98  -5
 111  5 255  956   3  29  69 4.65E+03 8.87E-03 2.38E+01   4  96  -5
 111  6 288 1387   2  24  74 2.58E+03 8.92E-03 3.09E+01   2  98  -5
 111  3 117  814   3  17  80 6.96E+03 8.67E-03 1.59E+01  12  88  -6
 111  4 212  761   3  31  66 3.59E+04 9.69E-03 1.70E+01   3  97  -6
 111  6 317 1272   2  29  69 1.03E+04 7.55E-03 2.71E+01   4  96  -5
 111  6 307 1268   3  27  71 3.89E+03 9.36E-03 2.91E+01   2  98  -4
 111  3 124  558   4  25  71 8.12E+03 9.74E-03 1.17E+01  10  90  -6
 111  6 294 1226   2  27  70 3.34E+03 9.09E-03 2.74E+01   2  98  -5
 111  5 266  742   3  35  62 3.41E+04 5.79E-03 1.86E+01   4  96  -6
 111  8 434 1506   2  32  66 4.00E+03 8.36E-03 3.54E+01   2  98  -5
 111  5 249  632   4  37  59 7.10E+03 6.45E-03 1.64E+01   7  93  -5
 111  6 302 1262   3  29  68 3.39E+03 7.80E-03 2.75E+01   4  96  -4
 111  5 237 1024   3  25  72 3.57E+03 8.70E-03 2.19E+01   3  97  -4
 111  4 218  978   3  27  70 3.45E+04 9.42E-03 2.25E+01   2  98  -6
 111  6 318 1025   3  32  65 7.25E+03 8.99E-03 2.55E+01   5  95  -5
 111  7 363 1480   2  28  70 3.03E+03 7.13E-03 3.18E+01   2  98  -4
 111  4 172  866   3  23  74 6.24E+03 6.61E-03 1.79E+01   6  94  -6
 111  6 286 1153   3  28  69 3.07E+03 6.65E-03 2.37E+01   2  98  -5
 111  4 207  793   3  29  68 3.35E+04 9.45E-03 1.84E+01   3  97  -6
 111  8 421 1471   3  31  67 3.87E+03 8.36E-03 3.46E+01   3  97  -5
 111  5 246  860   3  31  66 5.62E+03 8.92E-03 2.22E+01   3  97  -5
 111  6 290 1156   3  28  70 2.86E+03 8.66E-03 2.70E+01   2  98  -5
 111  3 126  559   4  25  71 6.06E+03 9.82E-03 1.26E+01   7  93  -6
 111  4 213  875   3  28  69 3.36E+04 9.00E-03 2.13E+01   3  97  -6
 111  7 370 1482   2  29  69 4.12E+03 7.68E-03 3.57E+01   3  97  -5
 111  6 323 1035   3  33  64 2.56E+03 8.65E-03 2.63E+01   3  97  -4
 111  5 246 1146   3  26  72 2.10E+03 8.03E-03 2.51E+01   3  97  -5
 111  6 313  505   4  48  48 7.33E+02 7.43E-03 1.66E+01   5  95  -5
 111  4 211  772   3  32  65 2.95E+04 9.61E-03 1.99E+01   2  98  -6
 111  8 417 1302   3  33  64 3.06E+03 6.41E-03 3.28E+01   4  96  -5
 111  5 251  824   3  34  63 4.81E+03 7.49E-03 2.01E+01   5  95  -5
 111  6 284 1380   2  24  73 2.85E+03 7.32E-03 2.82E+01   2  98  -5
 111  3 115  740   3  19  78 7.58E+03 7.87E-03 1.68E+01  12  88  -6
 111  4 208  835   3  28  69 3.11E+04 9.51E-03 1.98E+01   3  97  -6
 111  5 245  938   3  27  70 1.32E+04 7.91E-03 2.27E+01   4  96  -5
 111  6 299 1126   3  29  69 4.73E+03 7.50E-03 2.69E+01   2  98  -5
 111  3 120  512   4  27  68 9.56E+03 8.71E-03 1.22E+01   9  91  -7
 111  6 281 1244   2  25  72 3.95E+03 7.88E-03 2.80E+01   3  97  -5
 111  4 197  819   3  27  69 2.89E+04 9.41E-03 1.85E+01   3  97  -6
 111  7 351 1100   3  34  64 4.12E+03 9.77E-03 2.66E+01   5  95  -5
 111  4 176  698   3  28  69 9.36E+03 8.59E-03 1.51E+01   7  93  -6
 111  6 291 1196   3  28  69 3.99E+03 7.65E-03 2.60E+01   3  97  -5
 111  5 221 1049   3  25  73 3.41E+03 8.81E-03 2.10E+01   3  97  -5
 111  4 200  952   3  25  72 2.91E+04 8.33E-03 1.93E+01   3  97  -6
 111  4 185  587   4  35  62 1.70E+04 7.91E-03 1.48E+01  14  86  -6
 111  6 296 1386   2  25  73 3.64E+03 9.52E-03 2.87E+01   2  98  -5
 111  4 167  494   4  33  63 7.54E+03 8.69E-03 1.22E+01   5  95  -6
 111  5 232  781   3  31  66 3.45E+03 6.75E-03 1.78E+01   2  98  -5
 111  4 192  633   4  32  64 2.83E+04 8.00E-03 1.44E+01   6  94  -6
 111  7 340 1386   3  28  69 4.23E+03 7.42E-03 3.14E+01   2  98  -5
 111  4 167  573   4  30  66 1.29E+04 6.56E-03 1.47E+01   7  93  -6
 111  6 270 1125   2  26  71 4.87E+03 7.12E-03 2.80E+01   1  99  -5
 111  3 111  509   4  22  74 1.19E+04 7.02E-03 1.19E+01  11  89  -7
 111  4 198 1139   2  23  75 2.70E+04 8.60E-03 2.46E+01   2  98  -6
 111  6 291 1252   2  26  72 4.00E+03 9.01E-03 2.96E+01   2  98  -5
 111  5 243  367   5  47  48 3.01E+03 8.21E-03 1.45E+01   6  94  -5
 111  5 230  892   3  27  71 2.13E+03 8.90E-03 2.17E+01   2  98  -5
 111  3 116  551   4  24  73 4.87E+03 7.70E-03 1.23E+01  12  88  -6
 111  4 199  689   3  31  65 2.25E+04 8.90E-03 1.65E+01   2  98  -6
 111  7 340 1454   2  26  71 2.95E+03 7.33E-03 3.17E+01   3  97  -5
 111  4 175  647   4  29  68 5.06E+03 8.90E-03 1.45E+01   4  96  -6
 111  6 272 1098   3  27  71 3.05E+03 6.58E-03 2.52E+01   4  96  -5
 111  3 109  616   3  20  77 9.97E+03 6.27E-03 1.36E+01  10  90  -7
 111  4 191  901   3  25  72 2.45E+04 8.56E-03 2.06E+01   3  97  -6
 111  6 284 1070   3  30  67 5.39E+03 7.11E-03 2.42E+01   3  97  -5
 111  5 231  923   4  28  68 3.58E+03 8.92E-03 2.01E+01   2  98  -5
 111  3 109  845   3  18  79 1.15E+04 5.57E-03 1.64E+01  21  79  -6
 111  6 255 1225   3  24  73 3.85E+03 6.34E-03 2.49E+01   4  96  -5
 111  4 182  661   4  30  67 2.85E+04 9.15E-03 1.48E+01   6  94  -5
 111  6 277 1003   3  30  67 6.37E+03 9.04E-03 2.39E+01   4  96  -5
 111  4 168  699   3  25  71 9.05E+03 6.61E-03 1.63E+01   8  92  -6
 111  6 265 1196   3  26  72 3.82E+03 6.43E-03 2.56E+01   3  97  -5
 111  5 203  840   3  26  71 3.32E+03 8.43E-03 1.84E+01   1  99  -5
 111  4 187  902   3  24  72 2.28E+04 8.46E-03 1.97E+01   3  97  -6
 111  7 329 1225   3  30  67 2.00E+03 8.96E-03 2.78E+01   2  98  -5
 111  6 267 1120   3  26  71 2.23E+03 7.14E-03 2.44E+01   3  97  -5
 111  3 107  574   5  21  74 5.31E+03 7.53E-03 1.19E+01  10  90  -7
 111  5 207  913   3  25  72 3.17E+03 8.98E-03 1.97E+01   4  96  -6
 111  4 180  668   3  28  68 2.47E+04 7.73E-03 1.53E+01   5  95  -6
 111  6 259 1166   3  25  72 4.35E+03 9.03E-03 2.57E+01   3  97  -6
 111  4 157  589   4  29  68 7.94E+03 6.90E-03 1.42E+01   5  95  -6
 111  5 193  820   3  24  73 3.81E+03 8.85E-03 1.78E+01   2  98  -6
 111  3 107  555   4  21  76 9.31E+03 7.97E-03 1.08E+01   8  92  -7
 111  4 181 1049   3  22  75 2.21E+04 8.24E-03 1.96E+01   3  97  -6
 111  5 219 1058   3  24  73 4.94E+03 9.85E-03 2.14E+01   2  98  -6
 111  5 214  808   3  28  68 3.41E+03 7.22E-03 1.76E+01   4  96  -5
 111  3 104  461   5  24  71 6.24E+03 7.13E-03 1.00E+01   7  93  -7
 111  5 200 1094   3  23  74 2.61E+03 5.59E-03 2.21E+01   3  97  -6
 111  4 174  662   3  29  67 1.85E+04 8.71E-03 1.47E+01   4  96  -6
 111  6 259 1120   3  26  71 4.26E+03 8.66E-03 2.44E+01   4  96  -6
 111  3 107  509   4  23  72 1.16E+04 6.41E-03 1.01E+01  12  88  -8
 111  5 189 1042   3  22  76 4.02E+03 8.56E-03 2.14E+01   2  98  -6
 111  5 195  819   3  25  72 4.39E+03 6.00E-03 1.74E+01   2  98  -5
 111  4 176 1024   3  20  77 1.89E+04 8.11E-03 1.98E+01   3  97  -6
 111  3 112  546   4  24  72 2.14E+04 7.15E-03 1.09E+01  17  83  -8
 111  5 205 1166   3  22  75 3.97E+03 9.77E-03 2.37E+01   2  98  -5
 111  4 150  630   4  28  68 8.88E+03 5.79E-03 1.55E+01   5  95  -7
 111  4 146  753   3  23  73 4.26E+03 7.03E-03 1.56E+01   2  98  -6
 111  4 165  686   3  27  70 2.28E+04 6.42E-03 1.50E+01   8  92  -6
 111  6 249 1271   3  23  75 4.05E+03 6.22E-03 2.57E+01   2  98  -6
 111  3 101  452   5  23  72 9.64E+03 7.78E-03 9.44E+00   6  94  -7
 111  5 185  589   4  31  65 4.30E+03 6.03E-03 1.33E+01   5  95  -6
 111  2  57  398   5  16  79 1.18E+04 8.15E-03 7.93E+00  16  84 -11
 111  4 166  821   3  23  74 1.78E+04 8.07E-03 1.72E+01   3  97  -6
 111  5 203  883   3  26  71 4.28E+03 8.48E-03 1.95E+01   2  98  -6
 111  4 151  770   3  22  75 3.45E+03 9.38E-03 1.56E+01   3  97  -6
 111  4 145  703   3  24  73 2.76E+03 6.38E-03 1.42E+01   3  97  -6
 111  4 143  598   4  25  71 1.60E+03 7.36E-03 1.34E+01   4  96  -7
 111  4 160  904   3  20  77 1.25E+04 9.61E-03 2.06E+01   2  98  -6
 111  6 241 1285   2  21  76 2.42E+03 7.28E-03 2.81E+01   2  98  -6
 111  5 196  892   3  24  73 1.69E+03 7.17E-03 2.04E+01   2  98  -5
 111  5 172 1002   3  19  79 1.86E+03 5.70E-03 2.24E+01   4  96  -6
 111  2  56  359   5  17  78 7.45E+03 6.57E-03 7.35E+00  16  84 -13
 111  4 160  603   3  25  72 1.47E+04 8.61E-03 1.52E+01   3  97  -7
 111  5 191  987   3  22  75 4.73E+03 6.58E-03 2.22E+01   3  97  -6
 111  5 185  752   3  24  73 3.06E+03 6.21E-03 1.78E+01   4  96  -6
 111  2  60  404   5  17  78 1.10E+04 7.90E-03 8.03E+00  13  87 -12
 111  4 129 1036   3  15  82 3.86E+03 6.68E-03 1.90E+01   3  97  -7
 111  4 154  603   4  26  70 1.62E+04 7.01E-03 1.30E+01   5  95  -6
 111  5 187  800   3  25  72 4.67E+03 9.24E-03 1.80E+01   3  97  -6
 111  3  99  468   5  22  73 1.13E+04 4.94E-03 1.02E+01  12  88  -8
 111  4 128  841   3  18  79 3.92E+03 9.67E-03 1.67E+01   2  98  -7
 111  4 133  588   4  23  74 3.76E+03 9.22E-03 1.34E+01   2  98  -6
 111  4 152  335   5  39  55 1.21E+04 9.02E-03 1.13E+01   3  97  -7
 111  3 106  570   4  23  74 9.53E+03 9.42E-03 1.19E+01   8  92  -7
 111  5 176 1051   3  20  77 3.48E+03 5.81E-03 2.22E+01   2  98  -6
 111  3  98  628   5  17  79 1.17E+04 5.48E-03 1.41E+01   8  92 -10
 111  3  86  423   5  22  73 4.96E+03 9.37E-03 1.00E+01   3  97  -8
 111  4 149  946   3  19  78 1.49E+04 6.23E-03 1.89E+01   5  95  -6
 111  5 182 1082   3  20  77 3.88E+03 6.35E-03 2.24E+01   2  98  -6
 111  3  95  407   6  24  70 4.40E+03 7.76E-03 8.83E+00   4  96  -7
 111  4 116  544   5  23  73 2.69E+03 6.80E-03 1.12E+01   2  98  -7
 111  2  50  348   6  16  78 7.21E+03 8.76E-03 6.63E+00   9  91 -12
 111  4 142  768   4  21  76 1.02E+04 8.19E-03 1.64E+01   4  96  -7
 111  4 138  526   6  27  67 6.11E+03 6.03E-03 1.22E+01   5  95  -7
 111  4 121  684   3  19  78 4.02E+03 6.70E-03 1.67E+01   2  98  -7
 111  2  57  426   5  18  77 1.41E+04 5.98E-03 1.06E+01  21  79 -12
 111  4 111  902   3  15  82 4.02E+03 6.15E-03 2.06E+01   2  98  -8
 111  4 137  459   5  30  65 1.89E+04 5.02E-03 1.18E+01   9  91  -7
 111  5 160 1097   3  17  80 5.81E+03 6.38E-03 2.18E+01   1  99  -7
 111  3  95  602   4  18  78 8.41E+03 4.67E-03 1.19E+01   8  92  -9
 111  4 107  546   5  22  73 3.58E+03 7.07E-03 1.26E+01   2  98  -7
 111  4 117  547   4  21  74 3.20E+03 6.05E-03 1.26E+01   2  98  -9
 111  5 169 1433   2  14  84 6.89E+03 5.53E-03 3.02E+01   3  97  -7
 111  5 167  923   3  20  77 2.30E+03 6.04E-03 2.03E+01   2  98  -7
 111  4 119  761   3  17  80 2.40E+03 7.07E-03 1.64E+01   3  97  -7
 111  3  89  648   3  15  82 6.19E+03 4.57E-03 1.41E+01  10  90 -10
 111  4 127  775   4  19  77 3.60E+03 5.97E-03 1.70E+01   2  98 -10
 111  3  96  604   4  19  78 2.15E+04 6.56E-03 1.32E+01  13  87  -8
 111  4 118  966   3  15  82 4.76E+03 7.89E-03 2.01E+01   1  99  -8
 111  3  86  456   4  18  77 3.58E+03 9.20E-03 1.06E+01   3  97  -9
 111  4 106  534   4  20  76 2.14E+03 5.16E-03 1.32E+01   3  97  -8
 111  3  77  601   5  16  79 4.60E+03 4.19E-03 1.17E+01   4  96 -10
 111  4 124  886   3  16  81 7.21E+03 6.70E-03 1.91E+01   3  97  -7
 111  3  84  731   3  12  84 4.51E+03 8.36E-03 1.55E+01   6  94  -9
 111  3  84  722   3  14  83 2.39E+03 8.62E-03 1.44E+01   3  97  -8
 111  3  75  242   7  29  63 1.48E+03 9.57E-03 6.44E+00   3  97 -11
 111  2  45  355   5  13  82 2.65E+03 9.62E-03 7.40E+00   7  93 -14
 111  3  92  797   3  14  83 8.85E+03 9.02E-03 1.57E+01   5  95  -9
 111  4 112 1105   3  12  85 3.59E+03 4.93E-03 2.20E+01   2  98  -8
 111  2  50  343   6  15  79 6.80E+03 8.38E-03 7.40E+00   8  92 -14
 111  3  71  386   6  20  74 3.77E+03 8.53E-03 8.45E+00   2  98 -13
 111  2  55  365   6  17  77 1.36E+04 5.60E-03 7.29E+00  34  66 -14
 111  3  81  601   4  16  80 7.78E+03 9.75E-03 1.13E+01   3  97  -9
 111  3  77  404   5  20  75 3.86E+03 8.20E-03 8.85E+00   5  95  -9
 111  3  72  670   3  12  85 3.40E+03 5.63E-03 1.38E+01   3  97 -12
 111  2  43  389   5  12  82 9.77E+03 3.69E-03 7.77E+00  33  67 -13
 111  3  73  679   4  13  83 3.54E+03 5.90E-03 1.27E+01   3  97 -11
 111  3  82  817   3  12  85 2.07E+04 4.07E-03 1.57E+01   8  92 -11
 111  4 107  990   3  12  85 5.79E+03 5.78E-03 1.95E+01   1  99 -11
 111  2  47  288   6  14  80 9.69E+03 8.74E-03 7.68E+00  18  82 -17
 111  3  60  530   4  12  84 4.22E+03 6.51E-03 1.11E+01   2  98 -14
 111  3  74  413   5  19  76 4.14E+03 9.63E-03 1.19E+01   1  99 -10
 111  3  75  546   4  16  80 1.00E+04 6.47E-03 1.22E+01   2  98 -11
 111  3  73  366   6  23  71 5.88E+03 3.67E-03 8.71E+00   9  91 -11
 111  3  68  645   4  12  84 3.21E+03 7.61E-03 1.64E+01   2  98 -10
 111  2  58  335   5  17  77 9.20E+03 8.76E-03 9.30E+00   9  91 -13
 111  3  73  556   4  15  80 4.29E+03 6.85E-03 1.34E+01   2  98 -13
 111  2  57  442   5  14  81 2.31E+04 9.23E-03 1.22E+01  12  88 -12
 111  3  65  701   4  12  84 4.81E+03 8.26E-03 1.82E+01   1  99 -12
 111  3  62  427   6  16  78 2.15E+03 5.68E-03 1.23E+01   4  96 -10
 111  3  70  299   7  25  68 1.53E+03 6.65E-03 9.17E+00   2  98 -12
 111  3  63  637   4  12  84 2.72E+03 3.02E-03 1.30E+01   3  97 -12
 111  3  77  615   4  14  82 1.36E+04 3.66E-03 1.25E+01   3  97 -11
 111  2  42  333   6  13  81 4.94E+03 8.35E-03 7.31E+00   6  94 -13
 111  3  77  721   4  13  83 2.89E+03 9.25E-03 1.42E+01   2  98 -11
 111  2  58  384   5  17  78 9.68E+03 5.23E-03 7.98E+00  25  75 -11
 111  4 110  943   3  13  84 4.00E+03 4.54E-03 1.90E+01   2  98 -11
 111  3  84  845   3  12  85 2.97E+04 3.93E-03 1.60E+01  15  85 -14
 111  4  99  988   3  12  86 6.89E+03 3.54E-03 1.84E+01   1  99 -11
 111  2  45  269   7  17  76 8.60E+03 7.51E-03 5.45E+00  12  88 -20
 111  3  56  417   5  14  80 3.85E+03 5.45E-03 8.44E+00   2  98 -14
 111  3  71  407   5  18  76 2.89E+03 8.55E-03 8.53E+00   2  98 -10
 111  3  77  629   4  13  83 1.73E+04 3.77E-03 1.24E+01   2  98 -11
 111  3  71  745   2   9  88 1.89E+03 7.85E-03 1.87E+01   1  99 -13
 111  3  70  727   3  11  85 2.24E+03 5.04E-03 1.40E+01   2  98 -10
 111  2  52  359   6  17  77 4.68E+03 7.17E-03 7.54E+00  22  78 -10
 111  3  88  358   5  24  70 2.44E+03 9.72E-03 7.57E+00   2  98 -12
 111  2  48  566   4  10  86 2.48E+04 4.46E-03 1.01E+01   9  91 -11
 111  3  72  740   3  12  85 3.63E+03 7.10E-03 1.44E+01   2  98 -13
 111  2  44  185  12  22  67 5.82E+03 9.46E-03 4.16E+00  13  87 -14
 111  3  64  505   5  14  81 2.92E+03 6.10E-03 9.23E+00   1  99 -13
 111  2  49  393   5  16  79 8.01E+03 6.71E-03 7.61E+00   7  93 -13
 111  2  48  481   4  11  84 2.19E+04 5.68E-03 9.12E+00   4  96 -14
 111  2  40  352   6  12  82 6.32E+03 5.17E-03 6.72E+00  10  90 -15
 111  3  62  645   4  12  85 3.95E+03 4.52E-03 1.21E+01   2  98 -15
 111  2  54  372   5  16  79 1.40E+04 5.71E-03 7.25E+00  28  72 -15
 111  3  67  662   3  11  85 3.41E+03 8.14E-03 1.27E+01   2  98 -12
 111  2  45  475   5  11  84 2.78E+04 2.65E-03 8.09E+00   7  93 -17
 111  3  63  743   3   9  88 3.80E+03 7.98E-03 1.35E+01   2  98 -15
 111  2  39  374   5  13  81 9.60E+03 3.90E-03 7.41E+00  19  81 -19
 111  3  48  440   5  12  83 3.50E+03 4.73E-03 8.15E+00   2  98 -16
 111  3  69  404   7  17  76 4.85E+03 4.16E-03 8.42E+00   1  99 -12
 111  2  41  473   5  11  85 2.55E+04 4.84E-03 8.75E+00   3  97 -15
 111  2  41  422   5  10  85 1.26E+04 2.93E-03 8.46E+00  23  77 -17
 111  3  63  572   4  11  85 3.18E+03 7.06E-03 1.15E+01   1  99 -12
 111  3  84  379   6  22  72 8.94E+03 4.30E-03 8.36E+00   6  94 -10
 111  3  64  577   4  12  84 4.10E+03 4.23E-03 1.08E+01   1  99 -11
 111  1  22  374   5   7  89 3.51E+04 7.27E-03 6.86E+00  21  79 -49
 111  3  53  745   3   8  89 3.68E+03 3.16E-03 1.47E+01   2  98 -12
 111  2  50  182   8  28  64 7.22E+03 8.20E-03 5.43E+00   9  91 -13
 111  3  63  628   4  12  84 3.47E+03 4.35E-03 1.18E+01   1  99 -12
 111  2  41  354   7  15  78 8.50E+03 4.24E-03 7.68E+00  16  84 -14
 111  2  42  428   5  11  84 2.81E+04 2.17E-03 7.90E+00   5  95 -19
 111  2  33  261   8  14  79 2.94E+03 6.28E-03 5.06E+00   3  97 -17
 111  2  41  185   9  19  73 4.15E+03 7.79E-03 4.48E+00  14  86 -12
 111  3  57  678   4  10  86 2.64E+03 3.49E-03 1.23E+01   2  98 -14
 111  2  41  408   5  11  84 8.48E+03 2.93E-03 7.73E+00  24  76 -16
 111  1  24  380   5   8  88 3.14E+04 7.81E-03 7.10E+00   1  99 -49
 111  3  56  800   3   8  89 3.66E+03 2.96E-03 1.46E+01   2  98 -17
 111  3  55  494   5  13  82 3.02E+03 2.94E-03 9.48E+00   1  99 -15
 111  2  34  341   6  11  83 2.65E+03 5.96E-03 6.22E+00   3  97 -16
 111  3  64  615   4  12  84 1.59E+03 3.67E-03 1.13E+01   2  98 -12
 111  1  20  381   5   6  89 3.18E+04 4.95E-03 6.93E+00   1  99 -53
 111  2  39  410   6  10  84 3.16E+03 7.94E-03 8.03E+00   6  94 -18
 111  3  54  715   3   9  88 2.08E+03 5.21E-03 1.28E+01   2  98 -14
 111  2  40  375   5  14  80 6.27E+03 3.44E-03 7.52E+00  28  72 -17
 111  3  65  710   4  11  85 3.23E+03 4.00E-03 1.34E+01   3  97 -14
 111  2  42  423   5  11  85 3.44E+04 3.94E-03 8.00E+00  12  88 -11
 111  3  61  691   4  11  86 4.44E+03 8.10E-03 1.27E+01   1  99 -13
 111  2  40  379   5  12  83 1.04E+04 4.28E-03 6.99E+00  44  56 -18
 111  3  53  453   5  15  80 3.27E+03 5.46E-03 8.89E+00   1  99 -14
 111  3  68  404   5  17  78 3.62E+03 6.99E-03 8.43E+00   2  98 -12
 111  2  42  418   5  11  84 3.21E+04 4.12E-03 7.99E+00   2  98 -12
 111  2  42  248   9  17  74 3.40E+03 8.30E-03 5.26E+00  11  89 -15
 111  3  64  389   6  17  77 2.32E+03 8.05E-03 7.81E+00   1  99 -12
 111  3  83  663   4  15  81 5.01E+03 4.57E-03 1.34E+01   4  96 -11
 111  3  75  560   4  16  79 2.96E+03 9.06E-03 1.12E+01   1  99 -13
 111  2  50  420   5  13  81 3.79E+04 4.00E-03 7.83E+00  14  86 -13
 111  3  62  625   4  11  85 3.99E+03 4.98E-03 1.10E+01   2  98 -14
 111  3  57  565   4  11  85 2.45E+03 3.39E-03 1.09E+01   2  98 -13
 111  3  59  432   6  15  79 1.50E+03 7.25E-03 8.38E+00   1  99 -12
 111  2  38  364   6  13  81 2.66E+03 9.00E-03 6.72E+00   5  95 -16
 111  1  22  375   5   7  88 3.10E+04 8.45E-03 6.30E+00   2  98 -48
 111  2  38  390   6  12  83 5.69E+03 5.78E-03 7.27E+00  10  90 -15
 111  3  58  569   5  13  82 2.21E+03 4.30E-03 1.23E+01   3  97 -12
 111  2  42  363   6  13  82 2.00E+03 9.87E-03 7.26E+00   5  95 -17
 111  3  72  653   4  14  82 1.01E+03 4.98E-03 1.37E+01   2  98 -12
 111  1  24  378   5   9  86 3.31E+04 8.46E-03 9.26E+00   2  98 -48
 111  3  73  595   5  15  81 2.47E+03 9.54E-03 1.33E+01   3  97 -14
 111  2  38  352   6  12  82 2.16E+03 8.20E-03 6.85E+00   2  98 -14
 111  3  65  341   6  18  75 2.14E+03 4.99E-03 7.44E+00   1  99 -11
 111  3  63  396   5  17  78 1.93E+03 4.22E-03 1.04E+01   2  98 -13
 111  2  59  421   5  16  79 3.01E+04 2.79E-03 8.41E+00   4  96 -14
 111  3  58  609   4  11  85 2.14E+03 3.75E-03 1.22E+01   3  97 -12
 111  2  44  368   5  13  82 1.70E+03 6.10E-03 7.31E+00   4  96 -15
 111  3  67  391   6  18  76 1.58E+03 3.58E-03 7.87E+00   3  97 -15
 111  3  64  253   8  24  68 1.33E+03 4.64E-03 5.83E+00   4  96 -13
 111  1  16  376   5   5  90 3.08E+04 5.05E-03 6.69E+00   2  98 -53
 111  3  62  728   3  10  87 1.14E+03 5.54E-03 1.33E+01   1  99 -14
 111  2  43  355   6  13  81 3.66E+03 4.89E-03 6.78E+00  23  77 -14
 111  3  63  739   3  10  87 2.87E+03 2.97E-03 1.36E+01   3  97 -15
 111  2  41  329   6  13  81 6.54E+03 7.35E-03 6.35E+00   4  96 -13
 111  2  41  398   4  10  85 2.90E+04 3.54E-03 8.74E+00   3  97 -18
 111  2  41  275   8  19  73 1.12E+04 5.80E-03 6.67E+00  38  62 -19
 111  3  47  501   5  11  84 2.56E+03 3.28E-03 9.08E+00   1  99 -15
 111  3  65  409   6  17  77 3.23E+03 3.80E-03 8.30E+00   4  96 -12
 111  3  56  343   6  17  77 1.73E+03 4.56E-03 6.99E+00   2  98 -16
 111  1  18  369   5   6  89 3.10E+04 5.46E-03 6.55E+00  29  71 -52
 111  3  60  716   4  10  86 2.69E+03 6.11E-03 1.27E+01   3  97 -14
 111  2  32  146  12  20  69 2.17E+03 6.40E-03 3.24E+00   6  94 -18
 111  3  62  332   6  21  73 1.55E+03 4.84E-03 8.04E+00   2  98 -13
 111  3  55  435   5  14  81 1.21E+03 2.54E-03 8.76E+00   1  99 -15
 111  1  22  367   5   7  88 2.72E+04 4.40E-03 6.76E+00   4  96 -54
 111  3  53  568   4  10  85 2.17E+03 2.99E-03 1.08E+01   1  99 -14
 111  2  33  335   6  11  83 1.33E+03 5.32E-03 6.24E+00   6  94 -23
 111  3  59  380   6  16  78 1.89E+03 1.95E-03 7.69E+00   2  98 -17
 111  3  56  461   5  14  81 1.36E+03 3.54E-03 8.94E+00   1  99 -14
 111  1  22  368   5   7  88 2.85E+04 4.35E-03 7.13E+00  28  72 -54
 111  3  64  673   4  12  85 2.98E+03 5.55E-03 1.22E+01   3  97 -14
 111  2  34  292   6  13  81 6.29E+03 6.43E-03 5.93E+00  17  83 -15
 111  3  55  394   6  15  79 3.02E+03 4.68E-03 8.38E+00   1  99 -16
 111  2  45  407   5  12  83 9.91E+03 5.53E-03 7.94E+00  14  86 -13
 111  2  39  413   6  10  84 2.52E+04 2.72E-03 8.01E+00   7  93 -13
 111  2  31  374   6   9  85 3.87E+03 5.28E-03 6.67E+00  15  85 -15
 111  3  60  527   5  14  81 2.33E+03 3.10E-03 1.01E+01   2  98 -12
 111  2  40  369   5  11  84 5.03E+03 3.24E-03 7.76E+00  21  79 -14
 111  3  68  624   4  14  82 2.60E+03 5.50E-03 1.20E+01   3  97 -12
 111  1  18  336   6   6  87 2.95E+04 9.53E-03 5.57E+00  11  89 -47
 111  3  61  453   5  14  81 3.84E+03 9.65E-03 9.09E+00   2  98 -13
 111  2  38  306   6  13  80 9.21E+03 6.94E-03 5.89E+00  10  90 -14
 111  3  51  443   5  13  82 3.33E+03 5.07E-03 8.59E+00   2  98 -16
 111  3  58  405   6  16  79 3.39E+03 4.24E-03 8.18E+00   1  99 -14
 111  2  40  395   6  11  83 2.33E+04 3.35E-03 7.45E+00   3  97 -17
 111  2  42  378   5  12  82 1.95E+04 2.21E-03 7.21E+00  53  47 -17
 111  3  52  724   4   8  88 2.97E+03 3.48E-03 1.28E+01   2  98 -15
 111  3  69  401   6  18  75 4.50E+03 3.23E-03 8.63E+00  10  90 -14
 111  2  34  287   7  16  77 2.49E+03 8.94E-03 5.83E+00   4  96 -17
 111  1  20  360   6   6  88 2.90E+04 7.90E-03 6.70E+00  25  75 -48
 111  3  62  706   3   9  88 2.79E+03 4.69E-03 1.50E+01   2  98 -15
 111  2  42  278   8  16  77 3.81E+03 9.72E-03 5.48E+00   9  91 -13
 111  3  61  363   6  17  77 2.09E+03 5.31E-03 7.63E+00   1  99 -13
 111  2  39  352   6  12  82 5.50E+03 3.91E-03 6.95E+00   8  92 -15
 111  2  39  398   6  11  83 2.17E+04 3.29E-03 7.05E+00   7  93 -15
 111  2  31  365   6   9  85 4.62E+03 6.38E-03 6.42E+00  20  80 -11
 111  3  60  521   5  13  82 2.95E+03 4.42E-03 9.64E+00   2  98 -14
 111  2  47  392   5  13  82 8.94E+03 3.95E-03 7.55E+00  27  73 -13
 111  3  69  706   3  11  85 3.11E+03 7.34E-03 1.25E+01   3  97 -12
 111  2  43  575   5   9  86 2.97E+04 3.67E-03 9.67E+00  12  88 -16
 111  3  62  543   5  13  82 4.81E+03 8.14E-03 9.69E+00   1  99 -15
 111  2  35  308   6  12  82 5.99E+03 5.23E-03 5.82E+00  12  88 -20
 111  3  49  406   6  13  81 2.91E+03 4.75E-03 7.13E+00   1  99 -15
 111  3  60  367   6  17  76 2.65E+03 4.63E-03 6.94E+00   1  99 -12
 111  2  42  393   6  12  82 2.02E+04 5.75E-03 6.94E+00   3  97 -14
 111  2  42  361   6  13  81 4.71E+03 6.55E-03 6.29E+00  12  88 -16
 111  3  62  513   5  14  81 2.19E+03 5.31E-03 9.14E+00   1  99 -12
 111  3  75  573   4  15  80 5.03E+03 3.75E-03 9.99E+00  10  90 -10
 111  3  66  645   4  12  84 2.85E+03 5.60E-03 1.15E+01   1  99 -13
 111  2  49  397   5  14  80 2.75E+04 3.33E-03 7.08E+00  23  77 -14
 111  3  63  720   4  11  86 3.72E+03 5.45E-03 1.21E+01   1  99 -14
 111  3  57  634   4  10  86 1.67E+03 2.93E-03 1.15E+01   1  99 -13
 111  3  66  415   6  17  76 1.07E+03 6.33E-03 7.71E+00   1  99 -14
 111  2  43  350   6  14  80 2.07E+03 6.90E-03 6.36E+00   5  95 -17
 111  2  50  380   5  14  81 1.90E+04 4.71E-03 8.17E+00   4  96 -14
 111  2  35  361   6  10  84 4.92E+03 4.32E-03 6.53E+00  18  82 -15
 111  3  70  652   4  12  84 2.57E+03 7.98E-03 1.12E+01   2  98 -11
 111  2  56  367   5  16  78 8.72E+03 5.58E-03 7.26E+00  36  64 -13
 111  4  98  922   3  13  84 2.94E+03 3.63E-03 1.61E+01   2  98 -12
 111  2  47  372   5  14  81 2.39E+04 7.92E-03 7.30E+00   6  94 -10
 111  3  60  474   5  14  81 3.64E+03 5.85E-03 8.36E+00   1  99 -16
 111  2  36  295   7  13  80 7.17E+03 3.38E-03 5.33E+00  15  85 -20
 111  3  50  427   6  13  82 2.89E+03 5.03E-03 8.22E+00   1  99 -15
 111  3  63  394   7  18  75 3.64E+03 3.95E-03 7.13E+00   1  99 -13
 111  2  42  387   6  13  82 1.79E+04 6.00E-03 6.39E+00   2  98 -15
 111  2  41  352   6  13  81 3.32E+03 6.84E-03 6.01E+00   4  96 -18
 111  3  58  467   5  14  81 1.94E+03 5.07E-03 7.88E+00   1  99 -12
 111  2  51  230   8  23  69 4.49E+03 9.95E-03 4.55E+00   8  92 -14
 111  3  60  649   4  11  85 2.71E+03 4.26E-03 1.08E+01   1  99 -13
 111  2  48  382   5  14  80 2.36E+04 2.98E-03 7.03E+00  20  80 -16
 111  3  57  720   4  10  87 3.16E+03 3.59E-03 1.18E+01   3  97 -14
 111  2  34  253   8  15  78 1.66E+03 6.58E-03 4.43E+00   4  96 -18
 111  3  65  224   7  26  67 1.11E+03 5.13E-03 6.16E+00   2  98 -12
 111  2  43  367   6  14  80 2.80E+03 5.20E-03 6.61E+00  18  82 -16
 111  2  50  376   6  15  79 1.68E+04 5.14E-03 6.74E+00   4  96 -14
 111  2  35  357   6  11  83 4.87E+03 4.08E-03 6.12E+00  19  81 -16
 111  3  72  643   4  13  83 2.35E+03 7.75E-03 1.16E+01   2  98 -10
 111  2  58  368   6  17  77 7.62E+03 4.49E-03 6.94E+00  23  77 -13
 111  4 102 1040   3  12  85 3.11E+03 4.34E-03 1.74E+01   2  98 -11
 111  2  46  528   4  10  86 2.28E+04 7.27E-03 9.79E+00   3  97 -10
 111  3  63  626   4  12  84 3.76E+03 7.53E-03 1.06E+01   1  99 -14
 111  2  36  363   6  11  83 6.81E+03 4.41E-03 6.56E+00  16  84 -19
 111  3  48  425   6  13  81 2.98E+03 4.04E-03 7.49E+00   2  98 -17
 111  3  61  419   6  16  78 2.64E+03 4.17E-03 7.53E+00   1  99 -13
 111  2  44  381   6  13  81 1.59E+04 6.61E-03 6.64E+00   2  98 -16
 111  2  40  290   9  15  76 8.94E+03 2.75E-03 5.69E+00  21  79 -19
 111  3  61  708   4  10  86 2.44E+03 4.83E-03 1.21E+01   1  99 -12
 111  3  76  358   7  24  69 5.70E+03 3.49E-03 7.24E+00  10  90 -11
 111  3  60  585   5  12  83 2.95E+03 3.82E-03 1.06E+01   1  99 -12
 111  2  45  376   6  13  81 2.18E+04 4.40E-03 6.71E+00  21  79 -15
 111  3  55  719   4   9  87 2.69E+03 2.61E-03 1.17E+01   1  99 -15
 111  2  39  280   7  14  79 2.48E+03 6.02E-03 5.61E+00   7  93 -16
 111  3  63  375   6  18  76 1.60E+03 5.05E-03 7.06E+00   1  99 -12
 111  2  44  316   7  16  77 4.49E+03 4.77E-03 5.63E+00  20  80 -15
 111  2  44  377   6  14  81 1.51E+04 5.43E-03 6.50E+00   4  96 -15
 111  2  33  300   9  14  78 4.14E+03 4.05E-03 5.60E+00   9  91 -15
 111  3  65  700   4  11  85 2.22E+03 4.09E-03 1.25E+01   2  98 -11
 111  2  42  343   6  15  79 4.55E+03 4.08E-03 6.42E+00  20  80 -13
 111  3  71  679   4  12  84 2.31E+03 6.25E-03 1.19E+01   4  96 -12
 111  1  17  324   6   6  88 1.95E+04 9.78E-03 6.06E+00  15  85 -46
 111  3  62  453   5  15  80 3.23E+03 6.69E-03 8.41E+00   1  99 -14
 111  2  40  302   7  14  79 7.65E+03 5.53E-03 5.51E+00   8  92 -12
 111  3  52  712   4   9  88 2.78E+03 3.53E-03 1.16E+01   2  98 -17
 111  3  58  351   6  16  77 4.52E+03 3.25E-03 6.97E+00   2  98 -16
