      154737           1           4
 111  3  24 1163   2   2  96 1.72E+02 8.15E-03 3.02E+01   1  99 -21
 111  3  32  912   3   4  93 1.35E+02 8.49E-03 2.42E+01   1  99 -14
 110  2  27  712   3   5  92 7.82E+03 3.94E-03 1.78E+01   1  99 -17
 111  4  63 1528   2   5  93 1.66E+02 5.39E-03 3.84E+01   2  98 -10
 110  1  14  400   5   4  91 5.43E+03 8.51E-03 1.03E+01   4  96 -48
 111  5 103 1853   2   7  92 1.58E+02 5.82E-03 4.79E+01   2  98  -8
 111  2  40  721   3   6  91 6.30E+03 4.40E-03 1.85E+01   1  99 -11
 111  6 139 2256   2   7  91 1.74E+02 7.09E-03 5.80E+01   3  97  -8
 110  2  48  800   3   7  90 6.91E+03 6.11E-03 2.05E+01   1  99 -10
 111  6 171 2222   2  10  89 2.66E+02 7.82E-03 5.60E+01   3  97  -6
 111  2  60  582   4  12  84 7.50E+03 6.98E-03 1.54E+01   1  99  -8
 110  8 268 3013   1  11  87 2.98E+02 5.87E-03 7.85E+01   4  96  -6
 111  2  68  722   3  12  85 8.24E+03 9.44E-03 1.59E+01   1  99  -9
 111  8 316 2628   2  15  83 3.48E+02 9.93E-03 6.08E+01   5  95  -5
 110  3 122 1160   2  14  84 8.94E+03 6.04E-03 2.58E+01   1  99  -6
 111 10 456 3244   2  18  80 3.98E+02 7.31E-03 7.55E+01   5  95  -4
 110  3 140 1146   2  15  82 9.64E+03 8.51E-03 2.64E+01   1  99  -6
 011 10 526 3324   1  20  78 4.44E+02 1.20E-02 7.98E+01   5  95  -4
 111  3 161 1096   2  19  79 1.03E+04 9.90E-03 2.60E+01   1  99  -6
 011 10 598 3288   1  24  75 4.90E+02 1.92E-02 8.47E+01   6  94  -3
 110  4 244 1291   2  24  74 1.10E+04 8.66E-03 3.32E+01   1  99  -4
 011 10 670 2494   2  31  67 5.46E+02 2.67E-02 7.44E+01   5  95  -3
 111  5 341 1572   2  26  73 1.17E+04 7.35E-03 4.71E+01   2  98  -5
 011 10 729 2380   2  35  64 6.10E+02 3.28E-02 7.37E+01   5  95  -3
 111  6 449 1883   2  30  68 1.24E+04 7.27E-03 5.15E+01   2  98  -3
 011 10 783 2324   2  39  59 6.84E+02 3.71E-02 7.05E+01   5  95  -3
 111  6 491 2075   2  31  67 1.31E+04 9.41E-03 5.67E+01   2  98  -4
 011 10 834 2182   2  42  56 7.37E+02 4.27E-02 7.39E+01   4  96  -3
 111  7 617 2107   1  35  63 1.37E+04 7.62E-03 6.44E+01   2  98  -3
 011 10 874 2315   2  41  57 7.80E+02 4.60E-02 7.56E+01   4  96  -3
 111  7 652 2124   1  37  61 1.42E+04 8.75E-03 6.47E+01   2  98  -4
 011 10 910 2181   2  44  54 8.58E+02 4.91E-02 7.62E+01   3  97  -3
 110  8 778 2677   1  36  63 1.45E+04 7.56E-03 9.76E+01   2  98  -3
 011 10 944 2354   2  44  55 9.33E+02 5.30E-02 1.06E+02   3  97  -2
 110  8 809 2658   1  37  61 1.48E+04 8.78E-03 1.04E+02   2  98  -3
 011 10 974 2423   2  43  56 1.01E+03 5.46E-02 9.53E+01   3  97  -3
 111  9 936 2881   1  38  60 1.50E+04 7.75E-03 1.19E+02   2  98  -3
 011 10 999 2100   2  47  51 1.14E+03 5.68E-02 1.03E+02   3  97  -3
 111  9 961 2781   1  40  58 1.52E+04 9.41E-03 1.19E+02   2  98  -3
 011 101023 2265   1  47  52 1.26E+03 5.86E-02 1.07E+02   3  97  -3
 111 101086 3208   1  41  57 1.54E+04 7.68E-03 1.30E+02   3  97  -3
 011 101048 1978   2  51  47 1.45E+03 5.69E-02 9.77E+01   4  96  -3
 111 101098 3054   1  41  58 1.57E+04 8.64E-03 1.32E+02   4  96  -3
 011 101061 1845   2  53  46 1.58E+03 5.66E-02 1.00E+02   4  96  -3
 111 101097 2990   1  42  57 1.59E+04 9.62E-03 1.35E+02   4  96  -3
 011 101055 1996   2  51  48 1.98E+03 5.29E-02 1.09E+02   5  95  -3
 011 101098 2832   1  45  53 1.63E+04 1.22E-02 1.20E+02   4  96  -3
 011 101032 2059   2  49  49 2.50E+03 5.65E-02 9.72E+01   5  95  -3
 011 101093 2240   1  50  49 1.68E+04 1.50E-02 1.02E+02   4  96  -3
 011 101036 1363   2  60  38 2.74E+03 6.12E-02 8.32E+01   5  95  -3
 011 101102 2148   1  51  48 1.65E+04 1.52E-02 1.14E+02   4  96  -3
 011 101029  932   2  68  30 2.94E+03 5.56E-02 7.32E+01   5  95  -3
 011 101093 1990   2  53  45 1.65E+04 1.68E-02 9.48E+01   5  95  -3
 011 101017 1075   2  63  35 3.45E+03 5.42E-02 7.69E+01   5  95  -3
 011 101084 2168   1  50  48 1.70E+04 1.95E-02 1.05E+02   5  95  -3
 011 101035  904   2  69  29 3.76E+03 5.86E-02 6.86E+01   6  94  -3
 011 101120 2044   1  54  44 1.70E+04 2.37E-02 1.00E+02   4  96  -3
 011 101052  788   2  71  26 4.03E+03 6.25E-02 6.54E+01   5  95  -3
 011 101120 1721   2  56  42 1.68E+04 2.26E-02 9.38E+01   4  96  -3
 011 101070  926   2  68  30 4.15E+03 6.23E-02 7.10E+01   5  95  -3
 011 101121 2183   2  51  47 1.69E+04 2.37E-02 1.02E+02   4  96  -4
 011 101084 1481   2  59  39 4.36E+03 6.90E-02 8.09E+01   5  95  -3
 011 101128 1316   2  64  34 1.71E+04 2.80E-02 8.11E+01   4  96  -3
 011 101080 1184   2  63  35 4.58E+03 6.41E-02 7.82E+01   5  95  -3
 011 101120 1874   2  54  44 1.66E+04 2.77E-02 8.68E+01   4  96  -3
 011 101093 1401   2  60  39 4.68E+03 6.71E-02 8.16E+01   4  96  -3
 011 101140 2022   2  54  45 1.62E+04 2.98E-02 1.05E+02   4  96  -4
 011 101089 1707   2  55  43 4.78E+03 6.07E-02 9.10E+01   4  96  -4
 011 101152 1823   2  57  41 1.68E+04 2.84E-02 9.74E+01   4  96  -3
 011 101093 1335   2  63  35 5.29E+03 6.14E-02 8.25E+01   5  95  -3
 011 101135 1696   2  58  41 1.68E+04 3.12E-02 9.09E+01   4  96  -3
 011 101085  772   2  72  26 5.52E+03 6.22E-02 7.02E+01   5  95  -3
 011 101145 2180   1  52  46 1.59E+04 3.60E-02 1.00E+02   4  96  -3
 011 101070  846   2  70  28 5.89E+03 6.06E-02 7.08E+01   4  96  -3
 011 101106 2119   2  52  47 1.60E+04 3.29E-02 1.02E+02   4  96  -4
 011 101076 2103   2  51  48 5.91E+03 6.11E-02 1.05E+02   5  95  -3
 011 101129 1776   2  57  41 1.67E+04 3.46E-02 9.21E+01   4  96  -3
 011 101072 1355   2  62  36 5.63E+03 6.99E-02 7.98E+01   5  95  -3
 011 101122 1412   2  59  39 1.55E+04 3.45E-02 8.85E+01   4  96  -3
 011 101056 1570   2  58  40 5.65E+03 6.16E-02 8.48E+01   4  96  -3
 011 101124 2178   2  51  47 1.51E+04 3.26E-02 1.06E+02   3  97  -4
 011 101048 1620   2  57  41 5.78E+03 5.39E-02 8.42E+01   4  96  -3
 011 101102 1636   2  58  41 1.59E+04 3.12E-02 9.78E+01   4  96  -3
 011 101047 1475   2  58  40 5.77E+03 5.80E-02 7.50E+01   4  96  -3
 011 101097 2090   2  53  45 1.47E+04 3.29E-02 8.27E+01   4  96  -3
 011 101040 2503   1  46  52 5.37E+03 5.59E-02 8.82E+01   4  96  -3
 011 101071 1926   2  55  43 1.42E+04 2.92E-02 7.87E+01   3  97  -3
 011 101006 1173   2  64  34 5.47E+03 4.88E-02 5.99E+01   4  96  -3
 011 101054 2583   1  46  52 1.40E+04 2.86E-02 8.74E+01   4  96  -3
 011 101008 1680   2  56  43 5.58E+03 4.82E-02 6.81E+01   4  96  -3
 011 101062 1737   2  57  42 1.38E+04 3.02E-02 7.23E+01   3  97  -3
 011 101008 1320   2  60  38 5.48E+03 4.82E-02 6.37E+01   4  96  -3
 011 101040 2246   2  50  48 1.32E+04 2.71E-02 7.92E+01   4  96  -3
 011 10 991 1681   2  55  43 5.10E+03 4.46E-02 6.77E+01   4  96  -3
 011 101013 2202   2  48  50 1.27E+04 2.50E-02 7.77E+01   3  97  -3
 011 10 960 1489   2  56  42 4.75E+03 4.14E-02 6.41E+01   4  96  -3
 011 10 999 2182   2  49  49 1.25E+04 2.41E-02 7.67E+01   3  97  -3
 011 10 949 1566   2  55  43 5.09E+03 4.06E-02 6.39E+01   4  96  -3
 011 10 990 2535   2  46  53 1.26E+04 2.36E-02 8.22E+01   3  97  -3
 011 10 947 1267   2  59  39 4.77E+03 4.25E-02 5.75E+01   3  97  -3
 011 10 983 1785   2  54  44 1.19E+04 2.44E-02 6.74E+01   3  97  -3
 011 10 926 1345   2  58  40 4.57E+03 4.15E-02 5.79E+01   4  96  -3
 011 10 961 2384   2  45  53 1.11E+04 2.40E-02 7.81E+01   3  97  -3
 011 10 907 2265   2  45  53 4.29E+03 3.85E-02 7.21E+01   4  96  -3
 011 10 947 2003   2  48  50 1.12E+04 2.24E-02 7.21E+01   3  97  -3
 011 10 905 2208   2  45  53 4.13E+03 3.81E-02 7.29E+01   4  96  -3
 011 10 929 1951   2  48  50 1.07E+04 1.93E-02 7.04E+01   3  97  -3
 011 10 883 2212   2  45  53 3.79E+03 3.29E-02 7.16E+01   4  96  -3
 011 10 903 2007   2  46  52 9.91E+03 1.76E-02 7.02E+01   3  97  -4
 011 10 852 1100   2  60  38 3.50E+03 2.87E-02 5.02E+01   4  96  -4
 011 10 881 2152   2  45  53 9.49E+03 1.58E-02 6.95E+01   4  96  -4
 011 10 843 1862   2  47  51 3.47E+03 2.82E-02 6.21E+01   3  97  -3
 011 10 869 2432   2  42  57 9.11E+03 1.65E-02 7.50E+01   3  97  -3
 011 10 837 1624   2  50  48 3.49E+03 2.75E-02 5.81E+01   4  96  -3
 011 10 855 2004   2  45  53 8.63E+03 1.59E-02 8.31E+01   4  96  -3
 011 10 813 1602   2  47  51 3.17E+03 2.52E-02 7.71E+01   4  96  -3
 011 10 836 1938   2  44  55 7.94E+03 1.47E-02 8.27E+01   3  97  -4
 011 10 792 1545   2  48  50 2.96E+03 2.35E-02 6.54E+01   3  97  -4
 011 10 811 1572   2  48  50 7.52E+03 1.36E-02 7.59E+01   4  96  -4
 011 10 776 1583   2  48  50 2.82E+03 2.09E-02 7.02E+01   3  97  -4
 011 10 788 2069   2  40  58 7.14E+03 1.21E-02 7.67E+01   3  97  -4
 011 10 762 1845   2  41  57 2.69E+03 1.97E-02 7.47E+01   4  96  -3
 011 10 767 1716   2  44  54 6.71E+03 1.11E-02 6.92E+01   4  96  -4
 011 10 744 1657   2  45  53 2.40E+03 1.76E-02 6.66E+01   4  96  -4
 011 10 745 2255   2  37  61 6.06E+03 1.04E-02 7.69E+01   4  96  -4
 011 10 723 1590   2  43  54 2.19E+03 1.54E-02 6.16E+01   3  97  -4
 111 10 726 1794   2  42  56 5.50E+03 9.03E-03 6.11E+01   4  96  -4
 011 10 710 1442   2  48  50 2.06E+03 1.34E-02 5.90E+01   4  96  -4
 111 10 710 1971   2  40  58 5.09E+03 8.31E-03 6.89E+01   4  96  -4
 011 10 686 1671   2  42  56 1.95E+03 1.22E-02 6.44E+01   4  96  -4
 111 10 691 2112   2  36  62 5.01E+03 7.19E-03 6.72E+01   3  97  -4
 011 10 658 1542   2  42  56 1.80E+03 1.10E-02 5.12E+01   3  97  -4
 111  9 595 1976   2  35  63 5.06E+03 8.59E-03 5.67E+01   3  97  -4
 111 10 634 1913   2  36  62 1.63E+03 9.71E-03 5.68E+01   2  98  -4
 111  9 564 2137   2  31  67 4.95E+03 6.73E-03 5.70E+01   4  96  -4
 111 10 604 1771   3  36  62 1.47E+03 8.11E-03 5.44E+01   3  97  -4
 111  8 477 1687   2  32  66 5.05E+03 7.95E-03 4.60E+01   3  97  -5
 111  9 508 1189   3  40  57 1.38E+03 9.85E-03 3.81E+01   4  96  -4
 111  7 390 1738   2  27  71 5.53E+03 9.33E-03 4.34E+01   3  97  -5
 111  9 478 1284   3  38  59 1.29E+03 8.01E-03 3.72E+01   4  96  -4
 111  7 368 1622   2  27  71 6.38E+03 6.54E-03 4.06E+01   3  97  -5
 111  9 447 1580   2  31  67 1.17E+03 6.51E-03 4.24E+01   2  98  -5
 111  6 296 1269   3  28  70 7.43E+03 7.34E-03 3.29E+01   3  97  -6
 111  8 365 1532   3  27  70 1.06E+03 7.77E-03 3.91E+01   2  98  -5
 111  5 226 1281   3  22  75 8.42E+03 8.23E-03 2.93E+01   2  98  -6
 111  7 294 1508   3  24  74 9.41E+02 9.23E-03 3.56E+01   2  98  -6
 111  4 163 1172   2  17  80 9.56E+03 9.85E-03 2.67E+01   2  98  -7
 111  7 271 1790   2  19  79 8.42E+02 6.71E-03 4.06E+01   1  99  -6
 110  4 149 1331   2  14  84 1.10E+04 6.32E-03 3.09E+01   2  98  -7
 111  6 210 1513   2  16  82 7.57E+02 8.53E-03 3.62E+01   2  98  -6
 111  3 100  916   3  14  83 1.28E+04 8.15E-03 2.09E+01   1  99  -8
 111  6 194 1613   2  14  84 6.78E+02 6.01E-03 3.71E+01   3  97  -6
 111  3  90  915   3  12  85 1.46E+04 5.36E-03 2.16E+01   1  99  -8
 111  5 145 1436   2  13  85 6.09E+02 8.07E-03 3.38E+01   3  97  -7
 110  2  53  800   3   8  88 1.65E+04 8.62E-03 1.74E+01   1  99 -10
 111  5 136 1402   2  11  87 5.66E+02 7.39E-03 3.19E+01   2  98  -8
 110  2  49  800   3   8  89 1.81E+04 6.74E-03 1.77E+01   1  99 -10
 111  5 123 1250   2  12  86 5.19E+02 5.08E-03 2.93E+01   3  97  -8
 110  2  47  800   3   8  89 1.94E+04 5.08E-03 2.11E+01   1  99 -11
 111  4  92 1164   3  10  88 4.78E+02 9.50E-03 2.96E+01   2  98  -9
 110  2  46  800   3   7  90 2.04E+04 4.63E-03 1.94E+01   1  99 -10
 111  5 118 1228   3  11  86 4.45E+02 4.48E-03 3.10E+01   2  98  -8
 110  2  47  800   3   6  91 2.10E+04 4.51E-03 1.96E+01   1  99 -10
 111  5 119 1427   2  10  88 4.20E+02 5.08E-03 3.39E+01   2  98  -8
 110  2  47  800   2   8  89 2.13E+04 4.57E-03 2.27E+01   1  99 -10
 111  5 118 1555   2   9  89 4.00E+02 5.35E-03 4.25E+01   2  98  -8
 111  2  49  737   3   8  89 2.11E+04 4.69E-03 2.06E+01   1  99 -10
 111  5 122 1246   2  13  85 3.82E+02 5.61E-03 3.67E+01   3  97  -8
 111  2  49  743   4   9  87 2.07E+04 4.73E-03 2.06E+01   1  99 -10
 111  5 124 1249   2  12  86 3.64E+02 6.02E-03 3.43E+01   2  98  -8
 111  2  49  651   3   9  88 2.01E+04 4.74E-03 2.05E+01   1  99 -10
 111  5 124 1328   2  11  87 3.44E+02 6.35E-03 4.13E+01   2  98  -8
 111  2  49  645   3   9  88 1.96E+04 4.69E-03 1.79E+01   1  99  -9
 111  5 126 1094   3  14  84 3.26E+02 6.83E-03 3.43E+01   2  98  -8
 111  2  49  639   4  10  87 1.92E+04 4.58E-03 1.93E+01   1  99  -9
 111  5 124  975   3  14  83 3.08E+02 6.93E-03 2.93E+01   1  99  -8
 111  2  48  639   3   9  88 1.88E+04 4.35E-03 1.75E+01   1  99  -9
 111  5 119  698   4  19  77 2.88E+02 6.46E-03 2.05E+01   2  98  -8
 111  2  47  625   4   9  87 1.83E+04 4.01E-03 1.64E+01   1  99  -9
 111  5 115  932   3  14  83 2.67E+02 5.73E-03 3.30E+01   1  99  -8
 110  1  22  400   5   7  87 1.79E+04 9.47E-03 1.16E+01   1  99 -47
 111  5 110 1223   2  12  85 2.74E+02 7.72E-03 3.86E+01   1  99  -8
 110  1  22  400   5   7  88 1.75E+04 8.11E-03 1.12E+01   1  99 -48
 111  5 107 1173   3  11  87 2.51E+02 6.05E-03 3.91E+01   2  98  -8
 110  1  21  400   5   7  88 1.71E+04 8.20E-03 1.16E+01   1  99 -48
 111  5 101 1157   3  10  87 2.35E+02 5.40E-03 3.56E+01   2  98  -9
 110  1  20  400   5   7  88 1.68E+04 7.42E-03 1.21E+01   1  99 -49
 111  5  98 1245   3  10  88 2.14E+02 4.28E-03 3.60E+01   3  97  -9
 110  1  19  400   5   6  88 1.65E+04 6.33E-03 1.08E+01   1  99 -51
 111  4  72 1001   3   9  88 1.89E+02 9.13E-03 2.61E+01   2  98 -10
 110  1  18  400   4   5  91 1.61E+04 5.67E-03 1.09E+01   1  99 -52
 111  4  71  980   4   9  87 1.69E+02 7.36E-03 2.43E+01   2  98 -11
 110  1  16  400   6   7  87 1.58E+04 4.73E-03 1.18E+01   1  99 -54
 111  4  65  949   3   7  90 1.48E+02 6.05E-03 2.36E+01   2  98 -11
 110  1  16  400   6   5  90 1.54E+04 4.11E-03 8.27E+00   1  99 -55
 111  4  64 1165   3   7  90 1.30E+02 4.58E-03 2.64E+01   2  98 -12
 110  1  14  400   5   4  91 1.51E+04 3.50E-03 9.68E+00   1  99 -57
 111  4  59 1167   3   6  91 1.13E+02 3.65E-03 2.48E+01   2  98 -12
 110  1  14  400   5   5  90 1.48E+04 3.75E-03 9.09E+00   0 100 -56
 111  4  57 1150   3   6  91 1.01E+02 3.23E-03 2.37E+01   2  98 -13
 110  1  12  400   5   4  91 1.42E+04 3.09E-03 8.48E+00   1  99 -58
 111  4  55 1039   3   6  91 8.22E+01 2.94E-03 2.37E+01   2  98 -13
 110  1  12  400   5   3  92 1.39E+04 3.34E-03 9.36E+00   1  99 -57
 111  3  42  784   4   6  90 8.19E+01 8.96E-03 1.69E+01   2  98 -13
 110  1  11  400   6   3  91 1.34E+04 3.25E-03 8.14E+00   0 100 -57
 111  3  39  875   3   6  91 6.88E+01 9.28E-03 2.02E+01   2  98 -13
 110  1  11  400   5   3  92 1.31E+04 3.40E-03 1.07E+01   1  99 -57
 111  3  39  845   3   6  91 7.24E+01 8.16E-03 2.40E+01   0 100 -14
 110  1  10  400   5   3  92 1.25E+04 3.52E-03 1.07E+01   1  99 -56
 111  3  38  775   3   6  91 6.22E+01 8.69E-03 2.18E+01   2  98 -14
 110  1  10  400   7   4  90 1.21E+04 3.84E-03 1.12E+01   1  99 -56
 111  3  38  838   3   6  91 6.82E+01 7.67E-03 2.29E+01   0 100 -15
 110  1  10  400   6   3  91 1.16E+04 3.97E-03 1.08E+01   1  99 -55
 111  3  37  885   3   5  92 5.96E+01 8.05E-03 2.35E+01   3  97 -15
 110  1  10  400   6   3  91 1.11E+04 4.52E-03 1.07E+01   1  99 -54
 111  3  37  842   4   6  91 6.69E+01 7.54E-03 1.95E+01   0 100 -15
 110  1  10  400   5   3  92 1.07E+04 4.49E-03 1.01E+01   1  99 -54
 111  3  36  844   4   5  91 5.85E+01 7.87E-03 2.11E+01   3  97 -15
 110  1  10  400   5   3  92 1.03E+04 5.18E-03 1.00E+01   1  99 -53
 111  3  37  844   3   5  91 6.61E+01 7.50E-03 1.91E+01   1  99 -15
 110  1  10  400   5   3  92 1.00E+04 4.91E-03 9.63E+00   1  99 -53
 111  3  36  793   3   5  92 5.75E+01 7.83E-03 1.98E+01   2  98 -15
 110  1  10  400   5   3  93 9.61E+03 5.61E-03 1.08E+01   2  98 -52
 111  3  36  867   3   4  93 6.42E+01 7.52E-03 2.32E+01   2  98 -15
